# JRE version: OpenJDK Runtime Environment Temurin-21.0.10+7 (21.0.10+7) (build 21.0.10+7-LTS)
# Java VM: OpenJDK 64-Bit Server VM Temurin-21.0.10+7 (21.0.10+7-LTS, mixed mode, sharing, tiered, compressed oops, compressed class ptrs, parallel gc, windows-amd64)
GC Precious Log:
 CardTable entry size: 512
 CPUs: 4 total, 4 available
 Memory: 3981M
 Large Page Support: Disabled
 NUMA Support: Disabled
 Compressed Oops: Enabled (32-bit)
 Alignments: Space 512K, Generation 512K, Heap 2M
 Heap Min Capacity: 100M
 Heap Initial Capacity: 100M
 Heap Max Capacity: 2G
 Pre-touch: Disabled
 Parallel Workers: 4
Heap:
 PSYoungGen      total 9728K, used 1769K [0x00000000d5580000, 0x00000000d6080000, 0x0000000100000000)
  eden space 9216K, 16% used [0x00000000d5580000,0x00000000d56fa5e0,0x00000000d5e80000)
  from space 512K, 50% used [0x00000000d6000000,0x00000000d6040000,0x00000000d6080000)
  to   space 512K, 0% used [0x00000000d5f80000,0x00000000d5f80000,0x00000000d6000000)
 ParOldGen       total 100352K, used 100242K [0x0000000080000000, 0x0000000086200000, 0x00000000d5580000)
  object space 100352K, 99% used [0x0000000080000000,0x00000000861e4988,0x0000000086200000)
 Metaspace       used 89608K, committed 91520K, reserved 1179648K
  class space    used 10472K, committed 11328K, reserved 1048576K
GC Heap History (20 events):
Event: 1626.614 GC heap before
{Heap before GC invocations=96 (full 3):
 PSYoungGen      total 10240K, used 10061K [0x00000000d5580000, 0x00000000d6180000, 0x0000000100000000)
  eden space 9728K, 100% used [0x00000000d5580000,0x00000000d5f00000,0x00000000d5f00000)
  from space 512K, 65% used [0x00000000d6100000,0x00000000d6153420,0x00000000d6180000)
  to   space 1024K, 0% used [0x00000000d5f80000,0x00000000d5f80000,0x00000000d6080000)
 ParOldGen       total 97792K, used 97741K [0x0000000080000000, 0x0000000085f80000, 0x00000000d5580000)
  object space 97792K, 99% used [0x0000000080000000,0x0000000085f73720,0x0000000085f80000)
 Metaspace       used 88765K, committed 90624K, reserved 1179648K
  class space    used 10367K, committed 11200K, reserved 1048576K
}
Event: 1626.616 GC heap after
{Heap after GC invocations=96 (full 3):
 PSYoungGen      total 10752K, used 960K [0x00000000d5580000, 0x00000000d6200000, 0x0000000100000000)
  eden space 9728K, 0% used [0x00000000d5580000,0x00000000d5580000,0x00000000d5f00000)
  from space 1024K, 93% used [0x00000000d5f80000,0x00000000d6070358,0x00000000d6080000)
  to   space 1536K, 0% used [0x00000000d6080000,0x00000000d6080000,0x00000000d6200000)
 ParOldGen       total 98304K, used 97855K [0x0000000080000000, 0x0000000086000000, 0x00000000d5580000)
  object space 98304K, 99% used [0x0000000080000000,0x0000000085f8ff98,0x0000000086000000)
 Metaspace       used 88765K, committed 90624K, reserved 1179648K
  class space    used 10367K, committed 11200K, reserved 1048576K
}
Event: 1626.683 GC heap before
{Heap before GC invocations=97 (full 3):
 PSYoungGen      total 10752K, used 10688K [0x00000000d5580000, 0x00000000d6200000, 0x0000000100000000)
  eden space 9728K, 100% used [0x00000000d5580000,0x00000000d5f00000,0x00000000d5f00000)
  from space 1024K, 93% used [0x00000000d5f80000,0x00000000d6070358,0x00000000d6080000)
  to   space 1536K, 0% used [0x00000000d6080000,0x00000000d6080000,0x00000000d6200000)
 ParOldGen       total 98304K, used 97855K [0x0000000080000000, 0x0000000086000000, 0x00000000d5580000)
  object space 98304K, 99% used [0x0000000080000000,0x0000000085f8ff98,0x0000000086000000)
 Metaspace       used 88765K, committed 90624K, reserved 1179648K
  class space    used 10367K, committed 11200K, reserved 1048576K
}
Event: 1626.684 GC heap after
{Heap after GC invocations=97 (full 3):
 PSYoungGen      total 10240K, used 177K [0x00000000d5580000, 0x00000000d6100000, 0x0000000100000000)
  eden space 9728K, 0% used [0x00000000d5580000,0x00000000d5580000,0x00000000d5f00000)
  from space 512K, 34% used [0x00000000d6080000,0x00000000d60ac570,0x00000000d6100000)
  to   space 512K, 0% used [0x00000000d6000000,0x00000000d6000000,0x00000000d6080000)
 ParOldGen       total 98304K, used 98066K [0x0000000080000000, 0x0000000086000000, 0x00000000d5580000)
  object space 98304K, 99% used [0x0000000080000000,0x0000000085fc4aa8,0x0000000086000000)
 Metaspace       used 88765K, committed 90624K, reserved 1179648K
  class space    used 10367K, committed 11200K, reserved 1048576K
}
Event: 1626.757 GC heap before
{Heap before GC invocations=98 (full 3):
 PSYoungGen      total 10240K, used 9892K [0x00000000d5580000, 0x00000000d6100000, 0x0000000100000000)
  eden space 9728K, 99% used [0x00000000d5580000,0x00000000d5efcce8,0x00000000d5f00000)
  from space 512K, 34% used [0x00000000d6080000,0x00000000d60ac570,0x00000000d6100000)
  to   space 512K, 0% used [0x00000000d6000000,0x00000000d6000000,0x00000000d6080000)
 ParOldGen       total 98304K, used 98066K [0x0000000080000000, 0x0000000086000000, 0x00000000d5580000)
  object space 98304K, 99% used [0x0000000080000000,0x0000000085fc4aa8,0x0000000086000000)
 Metaspace       used 88765K, committed 90624K, reserved 1179648K
  class space    used 10367K, committed 11200K, reserved 1048576K
}
Event: 1626.759 GC heap after
{Heap after GC invocations=98 (full 3):
 PSYoungGen      total 10240K, used 507K [0x00000000d5580000, 0x00000000d6100000, 0x0000000100000000)
  eden space 9728K, 0% used [0x00000000d5580000,0x00000000d5580000,0x00000000d5f00000)
  from space 512K, 99% used [0x00000000d6000000,0x00000000d607ed10,0x00000000d6080000)
  to   space 512K, 0% used [0x00000000d6080000,0x00000000d6080000,0x00000000d6100000)
 ParOldGen       total 98816K, used 98365K [0x0000000080000000, 0x0000000086080000, 0x00000000d5580000)
  object space 98816K, 99% used [0x0000000080000000,0x000000008600f730,0x0000000086080000)
 Metaspace       used 88765K, committed 90624K, reserved 1179648K
  class space    used 10367K, committed 11200K, reserved 1048576K
}
Event: 1626.875 GC heap before
{Heap before GC invocations=99 (full 3):
 PSYoungGen      total 10240K, used 10235K [0x00000000d5580000, 0x00000000d6100000, 0x0000000100000000)
  eden space 9728K, 100% used [0x00000000d5580000,0x00000000d5f00000,0x00000000d5f00000)
  from space 512K, 99% used [0x00000000d6000000,0x00000000d607ed10,0x00000000d6080000)
  to   space 512K, 0% used [0x00000000d6080000,0x00000000d6080000,0x00000000d6100000)
 ParOldGen       total 98816K, used 98365K [0x0000000080000000, 0x0000000086080000, 0x00000000d5580000)
  object space 98816K, 99% used [0x0000000080000000,0x000000008600f730,0x0000000086080000)
 Metaspace       used 88765K, committed 90624K, reserved 1179648K
  class space    used 10367K, committed 11200K, reserved 1048576K
}
Event: 1626.876 GC heap after
{Heap after GC invocations=99 (full 3):
 PSYoungGen      total 10240K, used 332K [0x00000000d5580000, 0x00000000d6100000, 0x0000000100000000)
  eden space 9728K, 0% used [0x00000000d5580000,0x00000000d5580000,0x00000000d5f00000)
  from space 512K, 64% used [0x00000000d6080000,0x00000000d60d3170,0x00000000d6100000)
  to   space 512K, 0% used [0x00000000d6000000,0x00000000d6000000,0x00000000d6080000)
 ParOldGen       total 99328K, used 98822K [0x0000000080000000, 0x0000000086100000, 0x00000000d5580000)
  object space 99328K, 99% used [0x0000000080000000,0x0000000086081bc8,0x0000000086100000)
 Metaspace       used 88765K, committed 90624K, reserved 1179648K
  class space    used 10367K, committed 11200K, reserved 1048576K
}
Event: 1626.959 GC heap before
{Heap before GC invocations=100 (full 3):
 PSYoungGen      total 10240K, used 10060K [0x00000000d5580000, 0x00000000d6100000, 0x0000000100000000)
  eden space 9728K, 100% used [0x00000000d5580000,0x00000000d5f00000,0x00000000d5f00000)
  from space 512K, 64% used [0x00000000d6080000,0x00000000d60d3170,0x00000000d6100000)
  to   space 512K, 0% used [0x00000000d6000000,0x00000000d6000000,0x00000000d6080000)
 ParOldGen       total 99328K, used 98822K [0x0000000080000000, 0x0000000086100000, 0x00000000d5580000)
  object space 99328K, 99% used [0x0000000080000000,0x0000000086081bc8,0x0000000086100000)
 Metaspace       used 88765K, committed 90624K, reserved 1179648K
  class space    used 10367K, committed 11200K, reserved 1048576K
}
Event: 1626.960 GC heap after
{Heap after GC invocations=100 (full 3):
 PSYoungGen      total 10240K, used 224K [0x00000000d5580000, 0x00000000d6100000, 0x0000000100000000)
  eden space 9728K, 0% used [0x00000000d5580000,0x00000000d5580000,0x00000000d5f00000)
  from space 512K, 43% used [0x00000000d6000000,0x00000000d6038000,0x00000000d6080000)
  to   space 512K, 0% used [0x00000000d6080000,0x00000000d6080000,0x00000000d6100000)
 ParOldGen       total 99328K, used 98854K [0x0000000080000000, 0x0000000086100000, 0x00000000d5580000)
  object space 99328K, 99% used [0x0000000080000000,0x0000000086089bd8,0x0000000086100000)
 Metaspace       used 88765K, committed 90624K, reserved 1179648K
  class space    used 10367K, committed 11200K, reserved 1048576K
}
Event: 1627.079 GC heap before
{Heap before GC invocations=101 (full 3):
 PSYoungGen      total 10240K, used 9952K [0x00000000d5580000, 0x00000000d6100000, 0x0000000100000000)
  eden space 9728K, 100% used [0x00000000d5580000,0x00000000d5f00000,0x00000000d5f00000)
  from space 512K, 43% used [0x00000000d6000000,0x00000000d6038000,0x00000000d6080000)
  to   space 512K, 0% used [0x00000000d6080000,0x00000000d6080000,0x00000000d6100000)
 ParOldGen       total 99328K, used 98854K [0x0000000080000000, 0x0000000086100000, 0x00000000d5580000)
  object space 99328K, 99% used [0x0000000080000000,0x0000000086089bd8,0x0000000086100000)
 Metaspace       used 88765K, committed 90624K, reserved 1179648K
  class space    used 10367K, committed 11200K, reserved 1048576K
}
Event: 1627.080 GC heap after
{Heap after GC invocations=101 (full 3):
 PSYoungGen      total 10240K, used 505K [0x00000000d5580000, 0x00000000d6200000, 0x0000000100000000)
  eden space 9728K, 0% used [0x00000000d5580000,0x00000000d5580000,0x00000000d5f00000)
  from space 512K, 98% used [0x00000000d6080000,0x00000000d60fe7a0,0x00000000d6100000)
  to   space 1536K, 0% used [0x00000000d5f00000,0x00000000d5f00000,0x00000000d6080000)
 ParOldGen       total 99840K, used 99517K [0x0000000080000000, 0x0000000086180000, 0x00000000d5580000)
  object space 99840K, 99% used [0x0000000080000000,0x000000008612f780,0x0000000086180000)
 Metaspace       used 88765K, committed 90624K, reserved 1179648K
  class space    used 10367K, committed 11200K, reserved 1048576K
}
Event: 1627.156 GC heap before
{Heap before GC invocations=102 (full 3):
 PSYoungGen      total 10240K, used 10233K [0x00000000d5580000, 0x00000000d6200000, 0x0000000100000000)
  eden space 9728K, 100% used [0x00000000d5580000,0x00000000d5f00000,0x00000000d5f00000)
  from space 512K, 98% used [0x00000000d6080000,0x00000000d60fe7a0,0x00000000d6100000)
  to   space 1536K, 0% used [0x00000000d5f00000,0x00000000d5f00000,0x00000000d6080000)
 ParOldGen       total 99840K, used 99517K [0x0000000080000000, 0x0000000086180000, 0x00000000d5580000)
  object space 99840K, 99% used [0x0000000080000000,0x000000008612f780,0x0000000086180000)
 Metaspace       used 88765K, committed 90624K, reserved 1179648K
  class space    used 10367K, committed 11200K, reserved 1048576K
}
Event: 1627.157 GC heap after
{Heap after GC invocations=102 (full 3):
 PSYoungGen      total 10240K, used 282K [0x00000000d5580000, 0x00000000d6100000, 0x0000000100000000)
  eden space 9728K, 0% used [0x00000000d5580000,0x00000000d5580000,0x00000000d5f00000)
  from space 512K, 55% used [0x00000000d5f00000,0x00000000d5f46b68,0x00000000d5f80000)
  to   space 1024K, 0% used [0x00000000d6000000,0x00000000d6000000,0x00000000d6100000)
 ParOldGen       total 99840K, used 99549K [0x0000000080000000, 0x0000000086180000, 0x00000000d5580000)
  object space 99840K, 99% used [0x0000000080000000,0x0000000086137780,0x0000000086180000)
 Metaspace       used 88765K, committed 90624K, reserved 1179648K
  class space    used 10367K, committed 11200K, reserved 1048576K
}
Event: 1627.260 GC heap before
{Heap before GC invocations=103 (full 3):
 PSYoungGen      total 10240K, used 10010K [0x00000000d5580000, 0x00000000d6100000, 0x0000000100000000)
  eden space 9728K, 100% used [0x00000000d5580000,0x00000000d5f00000,0x00000000d5f00000)
  from space 512K, 55% used [0x00000000d5f00000,0x00000000d5f46b68,0x00000000d5f80000)
  to   space 1024K, 0% used [0x00000000d6000000,0x00000000d6000000,0x00000000d6100000)
 ParOldGen       total 99840K, used 99549K [0x0000000080000000, 0x0000000086180000, 0x00000000d5580000)
  object space 99840K, 99% used [0x0000000080000000,0x0000000086137780,0x0000000086180000)
 Metaspace       used 88765K, committed 90624K, reserved 1179648K
  class space    used 10367K, committed 11200K, reserved 1048576K
}
Event: 1627.261 GC heap after
{Heap after GC invocations=103 (full 3):
 PSYoungGen      total 10240K, used 930K [0x00000000d5580000, 0x00000000d6200000, 0x0000000100000000)
  eden space 9216K, 0% used [0x00000000d5580000,0x00000000d5580000,0x00000000d5e80000)
  from space 1024K, 90% used [0x00000000d6000000,0x00000000d60e88f8,0x00000000d6100000)
  to   space 1536K, 0% used [0x00000000d5e80000,0x00000000d5e80000,0x00000000d6000000)
 ParOldGen       total 99840K, used 99647K [0x0000000080000000, 0x0000000086180000, 0x00000000d5580000)
  object space 99840K, 99% used [0x0000000080000000,0x000000008614fff8,0x0000000086180000)
 Metaspace       used 88765K, committed 90624K, reserved 1179648K
  class space    used 10367K, committed 11200K, reserved 1048576K
}
Event: 1627.376 GC heap before
{Heap before GC invocations=104 (full 3):
 PSYoungGen      total 10240K, used 10146K [0x00000000d5580000, 0x00000000d6200000, 0x0000000100000000)
  eden space 9216K, 100% used [0x00000000d5580000,0x00000000d5e80000,0x00000000d5e80000)
  from space 1024K, 90% used [0x00000000d6000000,0x00000000d60e88f8,0x00000000d6100000)
  to   space 1536K, 0% used [0x00000000d5e80000,0x00000000d5e80000,0x00000000d6000000)
 ParOldGen       total 99840K, used 99647K [0x0000000080000000, 0x0000000086180000, 0x00000000d5580000)
  object space 99840K, 99% used [0x0000000080000000,0x000000008614fff8,0x0000000086180000)
 Metaspace       used 88765K, committed 90624K, reserved 1179648K
  class space    used 10367K, committed 11200K, reserved 1048576K
}
Event: 1627.378 GC heap after
{Heap after GC invocations=104 (full 3):
 PSYoungGen      total 10752K, used 128K [0x00000000d5580000, 0x00000000d6080000, 0x0000000100000000)
  eden space 9216K, 0% used [0x00000000d5580000,0x00000000d5580000,0x00000000d5e80000)
  from space 1536K, 8% used [0x00000000d5e80000,0x00000000d5ea0000,0x00000000d6000000)
  to   space 512K, 0% used [0x00000000d6000000,0x00000000d6000000,0x00000000d6080000)
 ParOldGen       total 100352K, used 100210K [0x0000000080000000, 0x0000000086200000, 0x00000000d5580000)
  object space 100352K, 99% used [0x0000000080000000,0x00000000861dc978,0x0000000086200000)
 Metaspace       used 88765K, committed 90624K, reserved 1179648K
  class space    used 10367K, committed 11200K, reserved 1048576K
}
Event: 1629.055 GC heap before
{Heap before GC invocations=105 (full 3):
 PSYoungGen      total 10752K, used 9344K [0x00000000d5580000, 0x00000000d6080000, 0x0000000100000000)
  eden space 9216K, 100% used [0x00000000d5580000,0x00000000d5e80000,0x00000000d5e80000)
  from space 1536K, 8% used [0x00000000d5e80000,0x00000000d5ea0000,0x00000000d6000000)
  to   space 512K, 0% used [0x00000000d6000000,0x00000000d6000000,0x00000000d6080000)
 ParOldGen       total 100352K, used 100210K [0x0000000080000000, 0x0000000086200000, 0x00000000d5580000)
  object space 100352K, 99% used [0x0000000080000000,0x00000000861dc978,0x0000000086200000)
 Metaspace       used 89459K, committed 91392K, reserved 1179648K
  class space    used 10455K, committed 11328K, reserved 1048576K
}
Event: 1629.079 GC heap after
{Heap after GC invocations=105 (full 3):
 PSYoungGen      total 9728K, used 256K [0x00000000d5580000, 0x00000000d6080000, 0x0000000100000000)
  eden space 9216K, 0% used [0x00000000d5580000,0x00000000d5580000,0x00000000d5e80000)
  from space 512K, 50% used [0x00000000d6000000,0x00000000d6040000,0x00000000d6080000)
  to   space 512K, 0% used [0x00000000d5f80000,0x00000000d5f80000,0x00000000d6000000)
 ParOldGen       total 100352K, used 100242K [0x0000000080000000, 0x0000000086200000, 0x00000000d5580000)
  object space 100352K, 99% used [0x0000000080000000,0x00000000861e4988,0x0000000086200000)
 Metaspace       used 89459K, committed 91392K, reserved 1179648K
  class space    used 10455K, committed 11328K, reserved 1048576K
}

